<?xml version="1.0" encoding="UTF-8"?>
<Site BuildName="Darwin-clang++"
	BuildStamp="20240603-1946-Experimental"
	Name="Akhils-MacBook-Air.local"
	Generator="ctest-3.29.3"
	CompilerName="/usr/bin/clang++"
	CompilerVersion="13.1.6.13160021"
	OSName="macOS"
	Hostname="Akhils-MacBook-Air.local"
	OSRelease="12.5"
	OSVersion="21G72"
	OSPlatform="arm64"
	Is64Bits="1"
	VendorString="IBM"
	VendorID="IBM"
	FamilyID="16777228"
	ModelID="2"
	ProcessorCacheSize="131072"
	NumberOfLogicalCPU="8"
	NumberOfPhysicalCPU="8"
	TotalVirtualMemory="3072"
	TotalPhysicalMemory="24576"
	LogicalProcessorsPerPhysical="8"
	ProcessorClockFrequency="0"
	>
	<Testing>
		<StartDateTime>Jun 03 15:46 EDT</StartDateTime>
		<StartTestTime>1717444017</StartTestTime>
		<TestList/>
		<EndDateTime>Jun 03 15:46 EDT</EndDateTime>
		<EndTestTime>1717444017</EndTestTime>
		<ElapsedMinutes>0</ElapsedMinutes>
	</Testing>
</Site>
